1613656014592	geckodriver	INFO	Listening on 127.0.0.1:47915
1613656015596	mozrunner::runner	INFO	Running command: "/usr/bin/firefox" "--marionette" "-foreground" "-no-remote" "-profile" "/tmp/rust_mozprofileMhhYT5"
console.warn: SearchSettings: "get: No settings file exists, new profile?" (new Error("", "(unknown module)"))
1613656018827	Marionette	INFO	Listening on port 44505
1613656018942	Marionette	WARN	TLS certificate errors will be ignored for this session
1613656018961	Marionette	ERROR	[15] No reply from Marionette:Register
JavaScript error: , line 0: NotFoundError: No such JSWindowActor 'MarionetteEvents'
JavaScript error: , line 0: NotFoundError: No such JSWindowActor 'MarionetteEvents'
1613656055853	Marionette	INFO	Stopped listening on port 44505
1613657745716	geckodriver	INFO	Listening on 127.0.0.1:60465
1613657746722	mozrunner::runner	INFO	Running command: "/usr/bin/firefox" "--marionette" "-foreground" "-no-remote" "-profile" "/tmp/rust_mozprofilelZ9ZXV"
console.warn: SearchSettings: "get: No settings file exists, new profile?" (new Error("", "(unknown module)"))
1613657750339	Marionette	INFO	Listening on port 36075
1613657750459	Marionette	WARN	TLS certificate errors will be ignored for this session
1613657750479	Marionette	ERROR	[15] No reply from Marionette:Register
console.error: Region.jsm: "Error fetching region" (new Error("TIMEOUT", "resource://gre/modules/Region.jsm", 775))
console.error: Region.jsm: "Failed to fetch region" (new Error("TIMEOUT", "resource://gre/modules/Region.jsm", 422))
1613657845213	Marionette	INFO	Stopped listening on port 36075

###!!! [Parent][RunMessage] Error: Channel closing: too late to send/recv, messages will be lost

1613657862630	geckodriver	INFO	Listening on 127.0.0.1:54351
1613657863634	mozrunner::runner	INFO	Running command: "/usr/bin/firefox" "--marionette" "-foreground" "-no-remote" "-profile" "/tmp/rust_mozprofile6GESAS"
console.warn: SearchSettings: "get: No settings file exists, new profile?" (new Error("", "(unknown module)"))
1613657866438	Marionette	INFO	Listening on port 43131
1613657866474	Marionette	WARN	TLS certificate errors will be ignored for this session
1613657866488	Marionette	ERROR	[15] No reply from Marionette:Register

###!!! [Parent][RunMessage] Error: Channel error: cannot send/recv

1613658108813	Marionette	INFO	Stopped listening on port 43131
1613658114794	geckodriver	INFO	Listening on 127.0.0.1:44599
1613658114801	mozrunner::runner	INFO	Running command: "/usr/bin/firefox" "--marionette" "-foreground" "-no-remote" "-profile" "/tmp/rust_mozprofilesvkbCK"
console.warn: SearchSettings: "get: No settings file exists, new profile?" (new Error("", "(unknown module)"))
1613658118462	Marionette	INFO	Listening on port 37005
1613658118542	Marionette	WARN	TLS certificate errors will be ignored for this session
1613658118559	Marionette	ERROR	[15] No reply from Marionette:Register
console.error: Region.jsm: "Error fetching region" (new Error("TIMEOUT", "resource://gre/modules/Region.jsm", 775))
console.error: Region.jsm: "Failed to fetch region" (new Error("TIMEOUT", "resource://gre/modules/Region.jsm", 422))
Exiting due to channel error.
[GFX1-]: Receive IPC close with reason=AbnormalShutdown
Exiting due to channel error.
Exiting due to channel error.
1613658212144	geckodriver	INFO	Listening on 127.0.0.1:42839
1613658212155	mozrunner::runner	INFO	Running command: "/usr/bin/firefox" "--marionette" "-foreground" "-no-remote" "-profile" "/tmp/rust_mozprofile2FKLPW"
console.warn: SearchSettings: "get: No settings file exists, new profile?" (new Error("", "(unknown module)"))
1613658215059	Marionette	INFO	Listening on port 40479
1613658215116	Marionette	WARN	TLS certificate errors will be ignored for this session
1613658215134	Marionette	ERROR	[15] No reply from Marionette:Register
console.error: Region.jsm: "Error fetching region" (new Error("TIMEOUT", "resource://gre/modules/Region.jsm", 775))
console.error: Region.jsm: "Failed to fetch region" (new Error("TIMEOUT", "resource://gre/modules/Region.jsm", 422))
JavaScript error: https://secure.quantserve.com/quant.js, line 2: NS_ERROR_UNEXPECTED: 
1613658296579	Marionette	INFO	Stopped listening on port 40479
1613658298925	geckodriver	INFO	Listening on 127.0.0.1:54931
1613658299929	mozrunner::runner	INFO	Running command: "/usr/bin/firefox" "--marionette" "-foreground" "-no-remote" "-profile" "/tmp/rust_mozprofileJEtOYj"
1613658301277	geckodriver	INFO	Listening on 127.0.0.1:54719
1613658301284	mozrunner::runner	INFO	Running command: "/usr/bin/firefox" "--marionette" "-foreground" "-no-remote" "-profile" "/tmp/rust_mozprofileU5r9uN"
console.warn: SearchSettings: "get: No settings file exists, new profile?" (new Error("", "(unknown module)"))
1613658304136	Marionette	INFO	Listening on port 40659
1613658304227	Marionette	WARN	TLS certificate errors will be ignored for this session
1613658304249	Marionette	ERROR	[15] No reply from Marionette:Register

###!!! [Child][RunMessage] Error: Channel closing: too late to send/recv, messages will be lost

1613658378288	Marionette	INFO	Stopped listening on port 40659

###!!! [Parent][RunMessage] Error: Channel closing: too late to send/recv, messages will be lost

1613658398360	geckodriver	INFO	Listening on 127.0.0.1:49155
1613658398367	mozrunner::runner	INFO	Running command: "/usr/bin/firefox" "--marionette" "-foreground" "-no-remote" "-profile" "/tmp/rust_mozprofilerZ3i7M"
console.warn: SearchSettings: "get: No settings file exists, new profile?" (new Error("", "(unknown module)"))
1613658401080	Marionette	INFO	Listening on port 36629
1613658401196	Marionette	WARN	TLS certificate errors will be ignored for this session
1613658401213	Marionette	ERROR	[15] No reply from Marionette:Register
console.error: Region.jsm: "Error fetching region" (new Error("TIMEOUT", "resource://gre/modules/Region.jsm", 775))
console.error: Region.jsm: "Failed to fetch region" (new Error("TIMEOUT", "resource://gre/modules/Region.jsm", 422))
JavaScript error: resource://activity-stream/lib/ASRouter.jsm, line 987: NS_ERROR_ILLEGAL_VALUE: Component returned failure code: 0x80070057 (NS_ERROR_ILLEGAL_VALUE) [nsIObserverService.removeObserver]

###!!! [Child][RunMessage] Error: Channel closing: too late to send/recv, messages will be lost


###!!! [Child][RunMessage] Error: Channel closing: too late to send/recv, messages will be lost


###!!! [Child][RunMessage] Error: Channel closing: too late to send/recv, messages will be lost


###!!! [Child][RunMessage] Error: Channel closing: too late to send/recv, messages will be lost

console.error: services.settings: 
  main/message-groups Signature failed  TypeError: NetworkError when attempting to fetch resource.
JavaScript error: , line 0: AbortError: A request was aborted, for example through a call to IDBTransaction.abort.
1613658496884	Marionette	INFO	Stopped listening on port 36629

###!!! [Parent][RunMessage] Error: Channel closing: too late to send/recv, messages will be lost

1613658525583	geckodriver	INFO	Listening on 127.0.0.1:50207
1613658525588	mozrunner::runner	INFO	Running command: "/usr/bin/firefox" "--marionette" "-foreground" "-no-remote" "-profile" "/tmp/rust_mozprofileABBaFT"
console.warn: SearchSettings: "get: No settings file exists, new profile?" (new Error("", "(unknown module)"))
console.error: Region.jsm: "Error fetching region" (new TypeError("NetworkError when attempting to fetch resource.", ""))
console.error: Region.jsm: "Failed to fetch region" (new Error("NO_RESULT", "resource://gre/modules/Region.jsm", 422))
1613658528417	Marionette	INFO	Listening on port 39933
1613658528519	Marionette	WARN	TLS certificate errors will be ignored for this session
1613658528536	Marionette	ERROR	[15] No reply from Marionette:Register
1613658585962	geckodriver	INFO	Listening on 127.0.0.1:34883
1613658586970	mozrunner::runner	INFO	Running command: "/usr/bin/firefox" "--marionette" "-foreground" "-no-remote" "-profile" "/tmp/rust_mozprofileBRL1nq"
console.warn: SearchSettings: "get: No settings file exists, new profile?" (new Error("", "(unknown module)"))
1613658589727	Marionette	INFO	Listening on port 45523
1613658589817	Marionette	WARN	TLS certificate errors will be ignored for this session
1613658589831	Marionette	ERROR	[15] No reply from Marionette:Register
console.error: Region.jsm: "Error fetching region" (new Error("TIMEOUT", "resource://gre/modules/Region.jsm", 775))
console.error: Region.jsm: "Failed to fetch region" (new Error("TIMEOUT", "resource://gre/modules/Region.jsm", 422))
JavaScript error: , line 0: NetworkError: A network error occurred.
JavaScript error: , line 0: NetworkError: A network error occurred.
console.error: services.settings: 
  main/partitioning-exempt-urls Signature failed  TypeError: NetworkError when attempting to fetch resource.
1613658620718	Marionette	INFO	Stopped listening on port 39933
JavaScript error: resource://activity-stream/lib/ASRouter.jsm, line 987: NS_ERROR_ILLEGAL_VALUE: Component returned failure code: 0x80070057 (NS_ERROR_ILLEGAL_VALUE) [nsIObserverService.removeObserver]
1613658622852	Marionette	INFO	Stopped listening on port 45523

###!!! [Parent][RunMessage] Error: Channel closing: too late to send/recv, messages will be lost


###!!! [Parent][RunMessage] Error: Channel closing: too late to send/recv, messages will be lost

1613658634533	geckodriver	INFO	Listening on 127.0.0.1:51111
1613658634539	mozrunner::runner	INFO	Running command: "/usr/bin/firefox" "--marionette" "-foreground" "-no-remote" "-profile" "/tmp/rust_mozprofileSZR4LY"
console.warn: SearchSettings: "get: No settings file exists, new profile?" (new Error("", "(unknown module)"))
1613658637461	Marionette	INFO	Listening on port 40367
1613658637571	Marionette	WARN	TLS certificate errors will be ignored for this session
1613658637593	Marionette	ERROR	[18] No reply from Marionette:Register
Exiting due to channel error.
Exiting due to channel error.
Exiting due to channel error.
1613658637930	geckodriver	INFO	Listening on 127.0.0.1:55713
1613658637945	mozrunner::runner	INFO	Running command: "/usr/bin/firefox" "--marionette" "-foreground" "-no-remote" "-profile" "/tmp/rust_mozprofileNwJqCN"
console.warn: SearchSettings: "get: No settings file exists, new profile?" (new Error("", "(unknown module)"))
1613658640741	Marionette	INFO	Listening on port 38099
1613658640775	Marionette	WARN	TLS certificate errors will be ignored for this session
1613658640797	Marionette	ERROR	[15] No reply from Marionette:Register
console.error: Region.jsm: "Error fetching region" (new Error("TIMEOUT", "resource://gre/modules/Region.jsm", 775))
console.error: Region.jsm: "Failed to fetch region" (new Error("TIMEOUT", "resource://gre/modules/Region.jsm", 422))
JavaScript error: resource://activity-stream/lib/ASRouter.jsm, line 987: NS_ERROR_ILLEGAL_VALUE: Component returned failure code: 0x80070057 (NS_ERROR_ILLEGAL_VALUE) [nsIObserverService.removeObserver]
1613658684137	Marionette	INFO	Stopped listening on port 38099
1613658709537	geckodriver	INFO	Listening on 127.0.0.1:41753
1613658709542	mozrunner::runner	INFO	Running command: "/usr/bin/firefox" "--marionette" "-foreground" "-no-remote" "-profile" "/tmp/rust_mozprofileGAMHVN"
console.warn: SearchSettings: "get: No settings file exists, new profile?" (new Error("", "(unknown module)"))
Exiting due to channel error.
Exiting due to channel error.
1613658712166	geckodriver	INFO	Listening on 127.0.0.1:42059
1613658712174	mozrunner::runner	INFO	Running command: "/usr/bin/firefox" "--marionette" "-foreground" "-no-remote" "-profile" "/tmp/rust_mozprofilecIPjd4"
console.warn: SearchSettings: "get: No settings file exists, new profile?" (new Error("", "(unknown module)"))
1613658715406	Marionette	INFO	Listening on port 46879
1613658715534	Marionette	WARN	TLS certificate errors will be ignored for this session
1613658715556	Marionette	ERROR	[15] No reply from Marionette:Register

###!!! [Child][RunMessage] Error: Channel closing: too late to send/recv, messages will be lost


###!!! [Child][RunMessage] Error: Channel closing: too late to send/recv, messages will be lost


###!!! [Child][RunMessage] Error: Channel closing: too late to send/recv, messages will be lost


###!!! [Child][RunMessage] Error: Channel closing: too late to send/recv, messages will be lost

1613658747532	Marionette	INFO	Stopped listening on port 46879

###!!! [Parent][RunMessage] Error: Channel closing: too late to send/recv, messages will be lost

